<?xml version="1.0" encoding="UTF-8"?>
<testsuite name="UserValidatorTestCases" tests="10" skipped="0" failures="0" errors="0" timestamp="2020-12-23T11:28:46" hostname="DESKTOP-KRV9QJ2" time="0.006">
  <properties/>
  <testcase name="lastName_EnteredWrong" classname="UserValidatorTestCases" time="0.004"/>
  <testcase name="phonenumber_EnteredProper" classname="UserValidatorTestCases" time="0.0"/>
  <testcase name="phonenumber_EnteredWrong" classname="UserValidatorTestCases" time="0.0"/>
  <testcase name="firstName_EnteredProper" classname="UserValidatorTestCases" time="0.0"/>
  <testcase name="email_EnteredWrong" classname="UserValidatorTestCases" time="0.0"/>
  <testcase name="password_EnteredWrong" classname="UserValidatorTestCases" time="0.0"/>
  <testcase name="lastName_EnteredProper" classname="UserValidatorTestCases" time="0.0"/>
  <testcase name="email_EnteredProper" classname="UserValidatorTestCases" time="0.0"/>
  <testcase name="firstName_EnteredWrong" classname="UserValidatorTestCases" time="0.001"/>
  <testcase name="password_EnteredProper" classname="UserValidatorTestCases" time="0.0"/>
  <system-out><![CDATA[]]></system-out>
  <system-err><![CDATA[]]></system-err>
</testsuite>
